2022-06-04 19:57:54 INFO  UserDao:44 - Перевірка користувача admin
2022-06-04 19:57:54 INFO  UserDao:70 - Перевірка користувачаadmin завершено
2022-06-04 19:57:55 INFO  UserDao:334 - Вибірка кількості юзерів
2022-06-04 19:57:55 INFO  UserDao:343 - Вибірка кількості юзерів зевершено
2022-06-04 19:57:55 INFO  UserDao:309 - Вибірка всіх юзерів
2022-06-04 19:57:55 INFO  UserDao:326 - Вибірка всіх юзерів зевершено
2022-06-04 19:58:09 INFO  UserDao:309 - Вибірка всіх юзерів
2022-06-04 19:58:09 INFO  UserDao:326 - Вибірка всіх юзерів зевершено
2022-06-04 19:58:12 INFO  UserDao:309 - Вибірка всіх юзерів
2022-06-04 19:58:12 INFO  UserDao:326 - Вибірка всіх юзерів зевершено
2022-06-04 19:58:14 INFO  UserDao:309 - Вибірка всіх юзерів
2022-06-04 19:58:14 INFO  UserDao:326 - Вибірка всіх юзерів зевершено
2022-06-04 19:58:17 INFO  UserDao:309 - Вибірка всіх юзерів
2022-06-04 19:58:17 INFO  UserDao:326 - Вибірка всіх юзерів зевершено
2022-06-04 19:58:18 INFO  UserDao:309 - Вибірка всіх юзерів
2022-06-04 19:58:18 INFO  UserDao:326 - Вибірка всіх юзерів зевершено
2022-06-04 19:58:19 INFO  UserDao:309 - Вибірка всіх юзерів
2022-06-04 19:58:19 INFO  UserDao:326 - Вибірка всіх юзерів зевершено
2022-06-04 19:58:20 INFO  UserDao:309 - Вибірка всіх юзерів
2022-06-04 19:58:20 INFO  UserDao:326 - Вибірка всіх юзерів зевершено
2022-06-04 19:58:20 INFO  UserDao:309 - Вибірка всіх юзерів
2022-06-04 19:58:20 INFO  UserDao:326 - Вибірка всіх юзерів зевершено
2022-06-04 19:58:22 INFO  UserDao:309 - Вибірка всіх юзерів
2022-06-04 19:58:22 INFO  UserDao:326 - Вибірка всіх юзерів зевершено
2022-06-04 19:58:26 INFO  UserDao:396 - Видалення юзера по id 33
2022-06-04 19:58:26 INFO  UserDao:291 - Вибірка email юзера по id 33
2022-06-04 19:58:26 INFO  UserDao:301 - Вибірка email юзера по id 33 завершено
2022-06-04 19:58:26 INFO  OrderDao:257 - Видалити ордер по ід юзера 33
2022-06-04 19:58:27 INFO  OrderDao:267 - Видалити ордер по ід юзера 33завершено
2022-06-04 19:58:28 INFO  UserDao:408 - Видалення юзера по id 33 завершено
2022-06-04 19:58:40 INFO  UserDao:334 - Вибірка кількості юзерів
2022-06-04 19:58:40 INFO  UserDao:343 - Вибірка кількості юзерів зевершено
2022-06-04 19:58:40 INFO  UserDao:309 - Вибірка всіх юзерів
2022-06-04 19:58:40 INFO  UserDao:326 - Вибірка всіх юзерів зевершено
2022-06-04 19:58:42 INFO  UserDao:309 - Вибірка всіх юзерів
2022-06-04 19:58:42 INFO  UserDao:326 - Вибірка всіх юзерів зевершено
2022-06-04 19:58:45 INFO  UserDao:309 - Вибірка всіх юзерів
2022-06-04 19:58:45 INFO  UserDao:326 - Вибірка всіх юзерів зевершено
